<?xml version="1.0" encoding="UTF-8"?>
<!-- Generated by org.testng.reporters.JUnitXMLReporter -->
<testsuite ignored="0" hostname="MANISH" failures="0" tests="3" name="Test" time="6.551" errors="0" timestamp="2022-12-22T16:29:45 IST">
  <testcase classname="Libary.Base_Class" name="@BeforeClass OpenApp" time="3.423">
    <failure type="java.io.FileNotFoundException" message="C:\Users\manis\eclipse-workspace\Selenium_Maven01\src\test\resources\Properties\Keyword_Driven1.propertties (The system cannot find the path specified)">
      <![CDATA[java.io.FileNotFoundException: C:\Users\manis\eclipse-workspace\Selenium_Maven01\src\test\resources\Properties\Keyword_Driven1.propertties (The system cannot find the path specified)
at java.base/java.io.FileInputStream.open0(Native Method)
at java.base/java.io.FileInputStream.open(FileInputStream.java:216)
at java.base/java.io.FileInputStream.<init>(FileInputStream.java:157)
at java.base/java.io.FileInputStream.<init>(FileInputStream.java:111)
at Data_Utility.KeyWord_Driven.PropertyFetch(KeyWord_Driven.java:10)
at Libary.Base_Class.OpenApp(Base_Class.java:36)
at java.base/java.util.ArrayList.forEach(ArrayList.java:1511)
... Removed 25 stack frames]]>
    </failure>
  </testcase> <!-- @BeforeClass OpenApp -->
  <testcase classname="Libary.Base_Class" name="@BeforeMethod login" time="-1.671706782317E9">
    <skipped/>
  </testcase> <!-- @BeforeMethod login -->
  <testcase classname="Libary.Base_Class" name="@AfterMethod logout" time="-1.671706782333E9">
    <skipped/>
  </testcase> <!-- @AfterMethod logout -->
  <testcase classname="Libary.Base_Class" name="@AfterClass closeApp" time="-1.671706782338E9">
    <skipped/>
  </testcase> <!-- @AfterClass closeApp -->
  <testcase classname="Libary.Base_Class" name="@BeforeClass OpenApp" time="1.57">
    <failure type="java.io.FileNotFoundException" message="C:\Users\manis\eclipse-workspace\Selenium_Maven01\src\test\resources\Properties\Keyword_Driven1.propertties (The system cannot find the path specified)">
      <![CDATA[java.io.FileNotFoundException: C:\Users\manis\eclipse-workspace\Selenium_Maven01\src\test\resources\Properties\Keyword_Driven1.propertties (The system cannot find the path specified)
at java.base/java.io.FileInputStream.open0(Native Method)
at java.base/java.io.FileInputStream.open(FileInputStream.java:216)
at java.base/java.io.FileInputStream.<init>(FileInputStream.java:157)
at java.base/java.io.FileInputStream.<init>(FileInputStream.java:111)
at Data_Utility.KeyWord_Driven.PropertyFetch(KeyWord_Driven.java:10)
at Libary.Base_Class.OpenApp(Base_Class.java:36)
at java.base/java.util.ArrayList.forEach(ArrayList.java:1511)
... Removed 25 stack frames]]>
    </failure>
  </testcase> <!-- @BeforeClass OpenApp -->
  <testcase classname="Libary.Base_Class" name="@BeforeMethod login" time="-1.671706783922E9">
    <skipped/>
  </testcase> <!-- @BeforeMethod login -->
  <testcase classname="Libary.Base_Class" name="@AfterMethod logout" time="-1.67170678393E9">
    <skipped/>
  </testcase> <!-- @AfterMethod logout -->
  <testcase classname="Libary.Base_Class" name="@AfterClass closeApp" time="-1.671706783934E9">
    <skipped/>
  </testcase> <!-- @AfterClass closeApp -->
  <testcase classname="Libary.Base_Class" name="@BeforeClass OpenApp" time="1.377">
    <failure type="java.io.FileNotFoundException" message="C:\Users\manis\eclipse-workspace\Selenium_Maven01\src\test\resources\Properties\Keyword_Driven1.propertties (The system cannot find the path specified)">
      <![CDATA[java.io.FileNotFoundException: C:\Users\manis\eclipse-workspace\Selenium_Maven01\src\test\resources\Properties\Keyword_Driven1.propertties (The system cannot find the path specified)
at java.base/java.io.FileInputStream.open0(Native Method)
at java.base/java.io.FileInputStream.open(FileInputStream.java:216)
at java.base/java.io.FileInputStream.<init>(FileInputStream.java:157)
at java.base/java.io.FileInputStream.<init>(FileInputStream.java:111)
at Data_Utility.KeyWord_Driven.PropertyFetch(KeyWord_Driven.java:10)
at Libary.Base_Class.OpenApp(Base_Class.java:36)
at java.base/java.util.ArrayList.forEach(ArrayList.java:1511)
... Removed 25 stack frames]]>
    </failure>
  </testcase> <!-- @BeforeClass OpenApp -->
  <testcase classname="Libary.Base_Class" name="@BeforeMethod login" time="-1.671706785317E9">
    <skipped/>
  </testcase> <!-- @BeforeMethod login -->
  <testcase classname="Libary.Base_Class" name="@AfterMethod logout" time="-1.671706785325E9">
    <skipped/>
  </testcase> <!-- @AfterMethod logout -->
  <testcase classname="Libary.Base_Class" name="@AfterClass closeApp" time="-1.671706785327E9">
    <skipped/>
  </testcase> <!-- @AfterClass closeApp -->
  <testcase classname="test_Cases.Tc3" name="t3" time="0.0">
    <skipped/>
  </testcase> <!-- t3 -->
  <testcase classname="test_Cases.Tc1" name="t1" time="0.0">
    <skipped/>
  </testcase> <!-- t1 -->
  <testcase classname="test_Cases.Tc2" name="t2" time="0.0">
    <skipped/>
  </testcase> <!-- t2 -->
</testsuite> <!-- Test -->
